app/build/intermediates/manifest_merge_blame_file/release/processReleaseMainManifest/manifest-merger-blame-release-report.txt
1<?xml version="1.0" encoding="utf-8"?>
2<manifest xmlns:android="http://schemas.android.com/apk/res/android"
3    package="com.qsp.nvpfa"
4    android:installLocation="auto"
5    android:versionCode="1"
6    android:versionName="1.0" >
7
8    <uses-sdk
9        android:minSdkVersion="21"
10        android:targetSdkVersion="35" />
11
12    <!-- OpenGL ES 2.0 -->
13    <uses-feature android:glEsVersion="0x00020000" />
13-->src/main/AndroidManifest.xml:9:5-54
13-->src/main/AndroidManifest.xml:9:19-51
14
15    <!-- Touchscreen support -->
16    <uses-feature
16-->src/main/AndroidManifest.xml:12:5-14:36
17        android:name="android.hardware.touchscreen"
17-->src/main/AndroidManifest.xml:13:9-52
18        android:required="false" />
18-->src/main/AndroidManifest.xml:14:9-33
19
20    <!-- Game controller support -->
21    <uses-feature
21-->src/main/AndroidManifest.xml:17:5-19:36
22        android:name="android.hardware.bluetooth"
22-->src/main/AndroidManifest.xml:18:9-50
23        android:required="false" />
23-->src/main/AndroidManifest.xml:19:9-33
24    <uses-feature
24-->src/main/AndroidManifest.xml:20:5-22:36
25        android:name="android.hardware.gamepad"
25-->src/main/AndroidManifest.xml:21:9-48
26        android:required="false" />
26-->src/main/AndroidManifest.xml:22:9-33
27    <uses-feature
27-->src/main/AndroidManifest.xml:23:5-25:36
28        android:name="android.hardware.usb.host"
28-->src/main/AndroidManifest.xml:24:9-49
29        android:required="false" />
29-->src/main/AndroidManifest.xml:25:9-33
30
31    <!-- External mouse input events -->
32    <uses-feature
32-->src/main/AndroidManifest.xml:28:5-30:36
33        android:name="android.hardware.type.pc"
33-->src/main/AndroidManifest.xml:29:9-48
34        android:required="false" />
34-->src/main/AndroidManifest.xml:30:9-33
35
36    <!-- Audio recording support -->
37    <!-- if you want to record audio, uncomment this. -->
38    <!-- <uses-permission android:name="android.permission.RECORD_AUDIO" /> -->
39    <!--
40         <uses-feature
41        android:name="android.hardware.microphone"
42        android:required="false" />
43    -->
44
45
46    <!-- Camera support -->
47    <!-- if you want to record video, uncomment this. -->
48    <!--
49    <uses-permission android:name="android.permission.CAMERA" />
50    <uses-feature android:name="android.hardware.camera" />
51    -->
52
53
54    <!-- Allow downloading to the external storage on Android 5.1 and older -->
55    <!-- <uses-permission android:name="android.permission.WRITE_EXTERNAL_STORAGE" android:maxSdkVersion="22" /> -->
56
57
58    <!-- Allow access to Bluetooth devices -->
59    <!-- Currently this is just for Steam Controller support and requires setting SDL_HINT_JOYSTICK_HIDAPI_STEAM -->
60    <!-- <uses-permission android:name="android.permission.BLUETOOTH" android:maxSdkVersion="30" /> -->
61    <!-- <uses-permission android:name="android.permission.BLUETOOTH_CONNECT" /> -->
62
63
64    <!-- Allow access to the vibrator -->
65    <uses-permission android:name="android.permission.VIBRATE" />
65-->src/main/AndroidManifest.xml:55:5-66
65-->src/main/AndroidManifest.xml:55:22-63
66    <uses-permission android:name="android.permission.WRITE_EXTERNAL_STORAGE" />
66-->src/main/AndroidManifest.xml:57:5-81
66-->src/main/AndroidManifest.xml:57:22-78
67    <!-- 读 -->
68    <uses-permission android:name="android.permission.READ_EXTERNAL_STORAGE" />
68-->src/main/AndroidManifest.xml:59:5-80
68-->src/main/AndroidManifest.xml:59:22-77
69    <!-- 读写所有文件Android11新增 -->
70    <uses-permission android:name="android.permission.MANAGE_EXTERNAL_STORAGE" />
70-->src/main/AndroidManifest.xml:61:5-81
70-->src/main/AndroidManifest.xml:61:22-79
71
72    <permission
72-->[androidx.core:core:1.13.0] AndroidManifest.xml:22:5-24:47
73        android:name="com.qsp.nvpfa.DYNAMIC_RECEIVER_NOT_EXPORTED_PERMISSION"
73-->[androidx.core:core:1.13.0] AndroidManifest.xml:23:9-81
74        android:protectionLevel="signature" />
74-->[androidx.core:core:1.13.0] AndroidManifest.xml:24:9-44
75
76    <uses-permission android:name="com.qsp.nvpfa.DYNAMIC_RECEIVER_NOT_EXPORTED_PERMISSION" /> <!-- Allow access to Internet -->
76-->[androidx.core:core:1.13.0] AndroidManifest.xml:26:5-97
76-->[androidx.core:core:1.13.0] AndroidManifest.xml:26:22-94
77    <!-- if you want to connect to the network or internet, uncomment this. -->
78<!--     <uses-permission android:name="android.permission.INTERNET" /> -->
79    <!--
80 Create a Java class extending SDLActivity and place it in a
81         directory under app/src/main/java matching the package, e.g. app/src/main/java/com/gamemaker/game/MyGame.java
82
83         then replace "SDLActivity" with the name of your class (e.g. "MyGame")
84         in the XML below.
85
86         An example Java class can be found in README-android.md
87    -->
88    <application
88-->src/main/AndroidManifest.xml:77:5-115:19
89        android:allowBackup="true"
89-->src/main/AndroidManifest.xml:79:9-35
90        android:appComponentFactory="androidx.core.app.CoreComponentFactory"
90-->[androidx.core:core:1.13.0] AndroidManifest.xml:28:18-86
91        android:extractNativeLibs="true"
92        android:hardwareAccelerated="true"
92-->src/main/AndroidManifest.xml:82:9-43
93        android:icon="@mipmap/ic_launcher"
93-->src/main/AndroidManifest.xml:78:9-43
94        android:label="@string/app_name"
94-->src/main/AndroidManifest.xml:77:18-50
95        android:requestLegacyExternalStorage="true"
95-->src/main/AndroidManifest.xml:81:9-52
96        android:theme="@style/AppTheme" >
96-->src/main/AndroidManifest.xml:80:9-40
97
98        <!--
99        Example of setting SDL hints from AndroidManifest.xml:
100        <meta-data android:name="SDL_ENV.SDL_ANDROID_TRAP_BACK_BUTTON" android:value="0"/>
101        -->
102
103        <activity
103-->src/main/AndroidManifest.xml:88:9-114:20
104            android:name="com.qsp.nvpfa.NvpfaActivity"
104-->src/main/AndroidManifest.xml:88:19-47
105            android:alwaysRetainTaskState="true"
105-->src/main/AndroidManifest.xml:90:13-49
106            android:configChanges="layoutDirection|locale|grammaticalGender|fontScale|fontWeightAdjustment|orientation|uiMode|screenLayout|screenSize|smallestScreenSize|keyboard|keyboardHidden|navigation"
106-->src/main/AndroidManifest.xml:92:13-205
107            android:exported="true"
107-->src/main/AndroidManifest.xml:94:13-36
108            android:label="@string/app_name"
108-->src/main/AndroidManifest.xml:89:13-45
109            android:launchMode="singleInstance"
109-->src/main/AndroidManifest.xml:91:13-48
110            android:preferMinimalPostProcessing="true"
110-->src/main/AndroidManifest.xml:93:13-55
111            android:screenOrientation="landscape" >
111-->src/main/AndroidManifest.xml:95:13-50
112            <intent-filter>
112-->src/main/AndroidManifest.xml:98:13-101:29
113                <action android:name="android.intent.action.MAIN" />
113-->src/main/AndroidManifest.xml:99:17-69
113-->src/main/AndroidManifest.xml:99:25-66
114
115                <category android:name="android.intent.category.LAUNCHER" />
115-->src/main/AndroidManifest.xml:100:17-77
115-->src/main/AndroidManifest.xml:100:27-74
116            </intent-filter>
117            <!-- Let Android know that we can handle some USB devices and should receive this event -->
118            <intent-filter>
118-->src/main/AndroidManifest.xml:103:13-105:29
119                <action android:name="android.hardware.usb.action.USB_DEVICE_ATTACHED" />
119-->src/main/AndroidManifest.xml:104:17-90
119-->src/main/AndroidManifest.xml:104:25-87
120            </intent-filter>
121            <!-- Drop file event -->
122            <!--
123            <intent-filter>
124                <action android:name="android.intent.action.VIEW" />
125                <category android:name="android.intent.category.DEFAULT" />
126                <data android:mimeType="*/*" />
127            </intent-filter>
128            -->
129        </activity>
130
131        <provider
131-->[androidx.profileinstaller:profileinstaller:1.4.0] AndroidManifest.xml:24:9-32:20
132            android:name="androidx.startup.InitializationProvider"
132-->[androidx.profileinstaller:profileinstaller:1.4.0] AndroidManifest.xml:25:13-67
133            android:authorities="com.qsp.nvpfa.androidx-startup"
133-->[androidx.profileinstaller:profileinstaller:1.4.0] AndroidManifest.xml:26:13-68
134            android:exported="false" >
134-->[androidx.profileinstaller:profileinstaller:1.4.0] AndroidManifest.xml:27:13-37
135            <meta-data
135-->[androidx.profileinstaller:profileinstaller:1.4.0] AndroidManifest.xml:29:13-31:52
136                android:name="androidx.profileinstaller.ProfileInstallerInitializer"
136-->[androidx.profileinstaller:profileinstaller:1.4.0] AndroidManifest.xml:30:17-85
137                android:value="androidx.startup" />
137-->[androidx.profileinstaller:profileinstaller:1.4.0] AndroidManifest.xml:31:17-49
138        </provider>
139
140        <receiver
140-->[androidx.profileinstaller:profileinstaller:1.4.0] AndroidManifest.xml:34:9-52:20
141            android:name="androidx.profileinstaller.ProfileInstallReceiver"
141-->[androidx.profileinstaller:profileinstaller:1.4.0] AndroidManifest.xml:35:13-76
142            android:directBootAware="false"
142-->[androidx.profileinstaller:profileinstaller:1.4.0] AndroidManifest.xml:36:13-44
143            android:enabled="true"
143-->[androidx.profileinstaller:profileinstaller:1.4.0] AndroidManifest.xml:37:13-35
144            android:exported="true"
144-->[androidx.profileinstaller:profileinstaller:1.4.0] AndroidManifest.xml:38:13-36
145            android:permission="android.permission.DUMP" >
145-->[androidx.profileinstaller:profileinstaller:1.4.0] AndroidManifest.xml:39:13-57
146            <intent-filter>
146-->[androidx.profileinstaller:profileinstaller:1.4.0] AndroidManifest.xml:40:13-42:29
147                <action android:name="androidx.profileinstaller.action.INSTALL_PROFILE" />
147-->[androidx.profileinstaller:profileinstaller:1.4.0] AndroidManifest.xml:41:17-91
147-->[androidx.profileinstaller:profileinstaller:1.4.0] AndroidManifest.xml:41:25-88
148            </intent-filter>
149            <intent-filter>
149-->[androidx.profileinstaller:profileinstaller:1.4.0] AndroidManifest.xml:43:13-45:29
150                <action android:name="androidx.profileinstaller.action.SKIP_FILE" />
150-->[androidx.profileinstaller:profileinstaller:1.4.0] AndroidManifest.xml:44:17-85
150-->[androidx.profileinstaller:profileinstaller:1.4.0] AndroidManifest.xml:44:25-82
151            </intent-filter>
152            <intent-filter>
152-->[androidx.profileinstaller:profileinstaller:1.4.0] AndroidManifest.xml:46:13-48:29
153                <action android:name="androidx.profileinstaller.action.SAVE_PROFILE" />
153-->[androidx.profileinstaller:profileinstaller:1.4.0] AndroidManifest.xml:47:17-88
153-->[androidx.profileinstaller:profileinstaller:1.4.0] AndroidManifest.xml:47:25-85
154            </intent-filter>
155            <intent-filter>
155-->[androidx.profileinstaller:profileinstaller:1.4.0] AndroidManifest.xml:49:13-51:29
156                <action android:name="androidx.profileinstaller.action.BENCHMARK_OPERATION" />
156-->[androidx.profileinstaller:profileinstaller:1.4.0] AndroidManifest.xml:50:17-95
156-->[androidx.profileinstaller:profileinstaller:1.4.0] AndroidManifest.xml:50:25-92
157            </intent-filter>
158        </receiver>
159    </application>
160
161</manifest>